sample.interval=20000
"paste" "deparse1" "paste" "t.test.default" "t.test" "do.call" "t.test.formula" "t.test" "computeT_for" 
"FUN" "vapply" "model.frame.default" "stats::model.frame" "eval" "eval" "t.test.formula" "t.test" "computeT_for" 
"model.frame.default" "stats::model.frame" "eval" "eval" "t.test.formula" "t.test" "computeT_for" 
".deparseOpts" "deparse" "paste" "FUN" "vapply" "model.frame.default" "stats::model.frame" "eval" "eval" "t.test.formula" "t.test" "computeT_for" 
"match.arg" "t.test.default" "t.test" "do.call" "t.test.formula" "t.test" "computeT_for" 
"match.arg" "t.test.default" "t.test" "do.call" "t.test.formula" "t.test" "computeT_for" 
"eval" "eval" "match.arg" "t.test.default" "t.test" "do.call" "t.test.formula" "t.test" "computeT_for" 
"deparse" "paste" "FUN" "vapply" "model.frame.default" "stats::model.frame" "eval" "eval" "t.test.formula" "t.test" "computeT_for" 
"t.test" "computeT_for" 
"factor" "t.test.formula" "t.test" "computeT_for" 
"paste" "deparse1" "paste" "t.test.default" "t.test" "do.call" "t.test.formula" "t.test" "computeT_for" 
".deparseOpts" "deparse" "paste" "deparse1" "paste" "t.test.default" "t.test" "do.call" "t.test.formula" "t.test" "computeT_for" 
"[" "na.omit.data.frame" "na.omit" ".External2" "model.frame.default" "stats::model.frame" "eval" "eval" "t.test.formula" "t.test" "computeT_for" 
"deparse" "paste" "deparse1" "paste" "t.test.default" "t.test" "do.call" "t.test.formula" "t.test" "computeT_for" 
"terms.formula" "terms" "t.test.formula" "t.test" "computeT_for" 
"match.call" "t.test.formula" "t.test" "computeT_for" 
"model.frame.default" "stats::model.frame" "eval" "eval" "t.test.formula" "t.test" "computeT_for" 
"FUN" "vapply" "model.frame.default" "stats::model.frame" "eval" "eval" "t.test.formula" "t.test" "computeT_for" 
"paste" "deparse1" "paste" "t.test.default" "t.test" "do.call" "t.test.formula" "t.test" "computeT_for" 
"[" "na.omit.data.frame" "na.omit" ".External2" "model.frame.default" "stats::model.frame" "eval" "eval" "t.test.formula" "t.test" "computeT_for" 
"model.frame.default" "stats::model.frame" "eval" "eval" "t.test.formula" "t.test" "computeT_for" 
"na.omit.data.frame" "na.omit" ".External2" "model.frame.default" "stats::model.frame" "eval" "eval" "t.test.formula" "t.test" "computeT_for" 
"model.frame.default" "stats::model.frame" "eval" "eval" "t.test.formula" "t.test" "computeT_for" 
"model.frame.default" "stats::model.frame" "eval" "eval" "t.test.formula" "t.test" "computeT_for" 
"[" "na.omit.data.frame" "na.omit" ".External2" "model.frame.default" "stats::model.frame" "eval" "eval" "t.test.formula" "t.test" "computeT_for" 
"order" "factor" "t.test.formula" "t.test" "computeT_for" 
"t.test.formula" "t.test" "computeT_for" 
"var" "t.test.default" "t.test" "do.call" "t.test.formula" "t.test" "computeT_for" 
"[" "na.omit.data.frame" "na.omit" ".External2" "model.frame.default" "stats::model.frame" "eval" "eval" "t.test.formula" "t.test" "computeT_for" 
"t.test.default" "t.test" "do.call" "t.test.formula" "t.test" "computeT_for" 
"t.test.formula" "t.test" "computeT_for" 
"t.test.default" "t.test" "do.call" "t.test.formula" "t.test" "computeT_for" 
"paste" "deparse1" "paste" "t.test.default" "t.test" "do.call" "t.test.formula" "t.test" "computeT_for" 
"unique" "factor" "t.test.formula" "t.test" "computeT_for" 
"deparse" "paste" "FUN" "vapply" "model.frame.default" "stats::model.frame" "eval" "eval" "t.test.formula" "t.test" "computeT_for" 
"t.test.default" "t.test" "do.call" "t.test.formula" "t.test" "computeT_for" 
"t.test" "computeT_for" 
"asNamespace" "getExportedValue" "::" "eval" "eval" "t.test.formula" "t.test" "computeT_for" 
"[" "na.omit.data.frame" "na.omit" ".External2" "model.frame.default" "stats::model.frame" "eval" "eval" "t.test.formula" "t.test" "computeT_for" 
"t.test" "computeT_for" 
"t.test" "do.call" "t.test.formula" "t.test" "computeT_for" 
"t.test.default" "t.test" "do.call" "t.test.formula" "t.test" "computeT_for" 
"vapply" "model.frame.default" "stats::model.frame" "eval" "eval" "t.test.formula" "t.test" "computeT_for" 
"[.data.frame" "[" "na.omit.data.frame" "na.omit" ".External2" "model.frame.default" "stats::model.frame" "eval" "eval" "t.test.formula" "t.test" "computeT_for" 
"FUN" "vapply" "model.frame.default" "stats::model.frame" "eval" "eval" "t.test.formula" "t.test" "computeT_for" 
"setNames" "t.test.formula" "t.test" "computeT_for" 
"t.test.default" "t.test" "do.call" "t.test.formula" "t.test" "computeT_for" 
"stats::model.frame" "eval" "eval" "t.test.formula" "t.test" "computeT_for" 
"var" "t.test.default" "t.test" "do.call" "t.test.formula" "t.test" "computeT_for" 
"t.test" "computeT_for" 
"t.test" "computeT_for" 
"t.test.default" "t.test" "do.call" "t.test.formula" "t.test" "computeT_for" 
"paste" "deparse1" "paste" "t.test.default" "t.test" "do.call" "t.test.formula" "t.test" "computeT_for" 
"paste" "deparse1" "paste" "t.test.default" "t.test" "do.call" "t.test.formula" "t.test" "computeT_for" 
"paste" "deparse1" "paste" "t.test.default" "t.test" "do.call" "t.test.formula" "t.test" "computeT_for" 
"terms.formula" "terms" "model.frame.default" "stats::model.frame" "eval" "eval" "t.test.formula" "t.test" "computeT_for" 
"model.frame.default" "stats::model.frame" "eval" "eval" "t.test.formula" "t.test" "computeT_for" 
"deparse1" "paste" "t.test.default" "t.test" "do.call" "t.test.formula" "t.test" "computeT_for" 
"t.test.default" "t.test" "do.call" "t.test.formula" "t.test" "computeT_for" 
"[[.data.frame" "[[" "split" "setNames" "t.test.formula" "t.test" "computeT_for" 
"model.frame.default" "stats::model.frame" "eval" "eval" "t.test.formula" "t.test" "computeT_for" 
"unique" "factor" "t.test.formula" "t.test" "computeT_for" 
